{"numFailedTestSuites":1,"numFailedTests":1,"numPassedTestSuites":11,"numPassedTests":131,"numPendingTestSuites":0,"numPendingTests":0,"numRuntimeErrorTestSuites":0,"numTodoTests":0,"numTotalTestSuites":12,"numTotalTests":132,"openHandles":[],"snapshot":{"added":0,"didUpdate":false,"failure":false,"filesAdded":0,"filesRemoved":0,"filesRemovedList":[],"filesUnmatched":0,"filesUpdated":0,"matched":0,"total":0,"unchecked":0,"uncheckedKeysByFile":[],"unmatched":0,"updated":0},"startTime":1771704255771,"success":false,"testResults":[{"assertionResults":[{"ancestorTitles":["LineTree Component","Rendering"],"duration":33,"failureDetails":[],"failureMessages":[],"fullName":"LineTree Component Rendering renders child moves when root is Initial Position","invocations":1,"location":null,"numPassingAsserts":2,"retryReasons":[],"status":"passed","title":"renders child moves when root is Initial Position"},{"ancestorTitles":["LineTree Component","Rendering"],"duration":19,"failureDetails":[],"failureMessages":[],"fullName":"LineTree Component Rendering renders child nodes when expanded","invocations":1,"location":null,"numPassingAsserts":2,"retryReasons":[],"status":"passed","title":"renders child nodes when expanded"},{"ancestorTitles":["LineTree Component","Rendering"],"duration":28,"failureDetails":[],"failureMessages":[],"fullName":"LineTree Component Rendering displays nested children with proper indentation","invocations":1,"location":null,"numPassingAsserts":2,"retryReasons":[],"status":"passed","title":"displays nested children with proper indentation"},{"ancestorTitles":["LineTree Component","Click to Display Feature"],"duration":7,"failureDetails":[],"failureMessages":[],"fullName":"LineTree Component Click to Display Feature calls onLineClick when a line is clicked","invocations":1,"location":null,"numPassingAsserts":1,"retryReasons":[],"status":"passed","title":"calls onLineClick when a line is clicked"},{"ancestorTitles":["LineTree Component","Click to Display Feature"],"duration":20,"failureDetails":[],"failureMessages":[],"fullName":"LineTree Component Click to Display Feature passes full move sequence to callback for nested lines","invocations":1,"location":null,"numPassingAsserts":5,"retryReasons":[],"status":"passed","title":"passes full move sequence to callback for nested lines"},{"ancestorTitles":["LineTree Component","Click to Display Feature"],"duration":5,"failureDetails":[],"failureMessages":[],"fullName":"LineTree Component Click to Display Feature passes the correct starting FEN position to callback","invocations":1,"location":null,"numPassingAsserts":1,"retryReasons":[],"status":"passed","title":"passes the correct starting FEN position to callback"},{"ancestorTitles":["LineTree Component","Expand/Collapse"],"duration":6,"failureDetails":[],"failureMessages":[],"fullName":"LineTree Component Expand/Collapse toggles expansion when chevron is clicked","invocations":1,"location":null,"numPassingAsserts":1,"retryReasons":[],"status":"passed","title":"toggles expansion when chevron is clicked"},{"ancestorTitles":["LineTree Component","Build and Learn Buttons"],"duration":6,"failureDetails":[],"failureMessages":[],"fullName":"LineTree Component Build and Learn Buttons calls onBuild when build button is clicked","invocations":1,"location":null,"numPassingAsserts":0,"retryReasons":[],"status":"passed","title":"calls onBuild when build button is clicked"},{"ancestorTitles":["LineTree Component","Build and Learn Buttons"],"duration":5,"failureDetails":[],"failureMessages":[],"fullName":"LineTree Component Build and Learn Buttons calls onLearn when learn button is clicked","invocations":1,"location":null,"numPassingAsserts":0,"retryReasons":[],"status":"passed","title":"calls onLearn when learn button is clicked"},{"ancestorTitles":["LineTree Component","Move Extraction Edge Cases"],"duration":5,"failureDetails":[],"failureMessages":[],"fullName":"LineTree Component Move Extraction Edge Cases handles empty move sequences gracefully","invocations":1,"location":null,"numPassingAsserts":1,"retryReasons":[],"status":"passed","title":"handles empty move sequences gracefully"},{"ancestorTitles":["LineTree Component","Delete Button"],"duration":3,"failureDetails":[],"failureMessages":[],"fullName":"LineTree Component Delete Button does not show delete button on Initial Position (root with no expectedMove)","invocations":1,"location":null,"numPassingAsserts":1,"retryReasons":[],"status":"passed","title":"does not show delete button on Initial Position (root with no expectedMove)"},{"ancestorTitles":["LineTree Component","Delete Button"],"duration":7,"failureDetails":[{"matcherResult":{"message":"\u001b[2mexpect(\u001b[22m\u001b[31mreceived\u001b[39m\u001b[2m).\u001b[22mtoBeUndefined\u001b[2m()\u001b[22m\n\nReceived: \u001b[31mnull\u001b[39m","pass":false}}],"failureMessages":["Error: \u001b[2mexpect(\u001b[22m\u001b[31mreceived\u001b[39m\u001b[2m).\u001b[22mtoBeUndefined\u001b[2m()\u001b[22m\n\nReceived: \u001b[31mnull\u001b[39m\n    at Object.toBeUndefined (/home/sousa/projects/chesslab/__tests__/components/LineTree.test.tsx:379:25)\n    at Promise.then.completed (/home/sousa/projects/chesslab/node_modules/jest-circus/build/utils.js:298:28)\n    at new Promise (<anonymous>)\n    at callAsyncCircusFn (/home/sousa/projects/chesslab/node_modules/jest-circus/build/utils.js:231:10)\n    at _callCircusTest (/home/sousa/projects/chesslab/node_modules/jest-circus/build/run.js:316:40)\n    at _runTest (/home/sousa/projects/chesslab/node_modules/jest-circus/build/run.js:252:3)\n    at _runTestsForDescribeBlock (/home/sousa/projects/chesslab/node_modules/jest-circus/build/run.js:126:9)\n    at _runTestsForDescribeBlock (/home/sousa/projects/chesslab/node_modules/jest-circus/build/run.js:121:9)\n    at _runTestsForDescribeBlock (/home/sousa/projects/chesslab/node_modules/jest-circus/build/run.js:121:9)\n    at run (/home/sousa/projects/chesslab/node_modules/jest-circus/build/run.js:71:3)\n    at runAndTransformResultsToJestFormat (/home/sousa/projects/chesslab/node_modules/jest-circus/build/legacy-code-todo-rewrite/jestAdapterInit.js:122:21)\n    at jestAdapter (/home/sousa/projects/chesslab/node_modules/jest-circus/build/legacy-code-todo-rewrite/jestAdapter.js:79:19)\n    at runTestInternal (/home/sousa/projects/chesslab/node_modules/jest-runner/build/runTest.js:367:16)\n    at runTest (/home/sousa/projects/chesslab/node_modules/jest-runner/build/runTest.js:444:34)"],"fullName":"LineTree Component Delete Button shows delete button on first move line (depth 1)","invocations":1,"location":null,"numPassingAsserts":1,"retryReasons":[],"status":"failed","title":"shows delete button on first move line (depth 1)"},{"ancestorTitles":["LineTree Component","Delete Button"],"duration":4,"failureDetails":[],"failureMessages":[],"fullName":"LineTree Component Delete Button shows delete button on child nodes when onDelete is provided","invocations":1,"location":null,"numPassingAsserts":1,"retryReasons":[],"status":"passed","title":"shows delete button on child nodes when onDelete is provided"},{"ancestorTitles":["LineTree Component","Delete Button"],"duration":4,"failureDetails":[],"failureMessages":[],"fullName":"LineTree Component Delete Button does not show delete button when onDelete is not provided","invocations":1,"location":null,"numPassingAsserts":1,"retryReasons":[],"status":"passed","title":"does not show delete button when onDelete is not provided"},{"ancestorTitles":["LineTree Component","Delete Button"],"duration":3,"failureDetails":[],"failureMessages":[],"fullName":"LineTree Component Delete Button opens confirmation dialog when delete button is clicked","invocations":1,"location":null,"numPassingAsserts":1,"retryReasons":[],"status":"passed","title":"opens confirmation dialog when delete button is clicked"},{"ancestorTitles":["LineTree Component","Delete Button"],"duration":5,"failureDetails":[],"failureMessages":[],"fullName":"LineTree Component Delete Button closes dialog when Cancel is clicked","invocations":1,"location":null,"numPassingAsserts":1,"retryReasons":[],"status":"passed","title":"closes dialog when Cancel is clicked"},{"ancestorTitles":["LineTree Component","Delete Button"],"duration":8,"failureDetails":[],"failureMessages":[],"fullName":"LineTree Component Delete Button calls onDelete when Delete Line button is clicked","invocations":1,"location":null,"numPassingAsserts":1,"retryReasons":[],"status":"passed","title":"calls onDelete when Delete Line button is clicked"},{"ancestorTitles":["LineTree Component","Delete Button"],"duration":5,"failureDetails":[],"failureMessages":[],"fullName":"LineTree Component Delete Button shows warning for nodes with children","invocations":1,"location":null,"numPassingAsserts":1,"retryReasons":[],"status":"passed","title":"shows warning for nodes with children"}],"endTime":1771704256564,"message":"\u001b[1m\u001b[31m  \u001b[1m● \u001b[22m\u001b[1mLineTree Component › Delete Button › shows delete button on first move line (depth 1)\u001b[39m\u001b[22m\n\n    \u001b[2mexpect(\u001b[22m\u001b[31mreceived\u001b[39m\u001b[2m).\u001b[22mtoBeUndefined\u001b[2m()\u001b[22m\n\n    Received: \u001b[31mnull\u001b[39m\n\u001b[2m\u001b[22m\n\u001b[2m    \u001b[0m \u001b[90m 377 |\u001b[39m       \u001b[36mconst\u001b[39m e4Row \u001b[33m=\u001b[39m e4Line\u001b[33m.\u001b[39mclosest(\u001b[32m\".flex.items-center\"\u001b[39m)\u001b[33m;\u001b[39m\u001b[22m\n\u001b[2m     \u001b[90m 378 |\u001b[39m       \u001b[36mconst\u001b[39m deleteBtn \u001b[33m=\u001b[39m e4Row\u001b[33m?\u001b[39m\u001b[33m.\u001b[39mquerySelector(\u001b[32m\"button[title='Delete']\"\u001b[39m)\u001b[33m;\u001b[39m\u001b[22m\n\u001b[2m    \u001b[31m\u001b[1m>\u001b[22m\u001b[2m\u001b[39m\u001b[90m 379 |\u001b[39m       expect(deleteBtn)\u001b[33m.\u001b[39mtoBeUndefined()\u001b[33m;\u001b[39m\u001b[22m\n\u001b[2m     \u001b[90m     |\u001b[39m                         \u001b[31m\u001b[1m^\u001b[22m\u001b[2m\u001b[39m\u001b[22m\n\u001b[2m     \u001b[90m 380 |\u001b[39m     })\u001b[33m;\u001b[39m\u001b[22m\n\u001b[2m     \u001b[90m 381 |\u001b[39m\u001b[22m\n\u001b[2m     \u001b[90m 382 |\u001b[39m     it(\u001b[32m\"shows delete button on child nodes when onDelete is provided\"\u001b[39m\u001b[33m,\u001b[39m () \u001b[33m=>\u001b[39m {\u001b[0m\u001b[22m\n\u001b[2m\u001b[22m\n\u001b[2m      \u001b[2mat Object.toBeUndefined (\u001b[22m\u001b[2m\u001b[0m\u001b[36m__tests__/components/LineTree.test.tsx\u001b[39m\u001b[0m\u001b[2m:379:25)\u001b[22m\u001b[2m\u001b[22m\n","name":"/home/sousa/projects/chesslab/__tests__/components/LineTree.test.tsx","startTime":1771704256027,"status":"failed","summary":""},{"assertionResults":[{"ancestorTitles":["AuthPage Component","UI Rendering"],"duration":34,"failureDetails":[],"failureMessages":[],"fullName":"AuthPage Component UI Rendering should render the auth page with logo and title","invocations":1,"location":null,"numPassingAsserts":1,"retryReasons":[],"status":"passed","title":"should render the auth page with logo and title"},{"ancestorTitles":["AuthPage Component","UI Rendering"],"duration":12,"failureDetails":[],"failureMessages":[],"fullName":"AuthPage Component UI Rendering should render email and password input fields","invocations":1,"location":null,"numPassingAsserts":2,"retryReasons":[],"status":"passed","title":"should render email and password input fields"},{"ancestorTitles":["AuthPage Component","UI Rendering"],"duration":10,"failureDetails":[],"failureMessages":[],"fullName":"AuthPage Component UI Rendering should render Google sign-in button","invocations":1,"location":null,"numPassingAsserts":1,"retryReasons":[],"status":"passed","title":"should render Google sign-in button"},{"ancestorTitles":["AuthPage Component","UI Rendering"],"duration":12,"failureDetails":[],"failureMessages":[],"fullName":"AuthPage Component UI Rendering should render sign in/up toggle link","invocations":1,"location":null,"numPassingAsserts":2,"retryReasons":[],"status":"passed","title":"should render sign in/up toggle link"},{"ancestorTitles":["AuthPage Component","Toggle between Login and Register"],"duration":56,"failureDetails":[],"failureMessages":[],"fullName":"AuthPage Component Toggle between Login and Register should toggle from login to register mode","invocations":1,"location":null,"numPassingAsserts":4,"retryReasons":[],"status":"passed","title":"should toggle from login to register mode"},{"ancestorTitles":["AuthPage Component","Toggle between Login and Register"],"duration":46,"failureDetails":[],"failureMessages":[],"fullName":"AuthPage Component Toggle between Login and Register should toggle back from register to login mode","invocations":1,"location":null,"numPassingAsserts":2,"retryReasons":[],"status":"passed","title":"should toggle back from register to login mode"},{"ancestorTitles":["AuthPage Component","Form Input and Validation"],"duration":204,"failureDetails":[],"failureMessages":[],"fullName":"AuthPage Component Form Input and Validation should update email and password fields","invocations":1,"location":null,"numPassingAsserts":2,"retryReasons":[],"status":"passed","title":"should update email and password fields"},{"ancestorTitles":["AuthPage Component","Form Input and Validation"],"duration":245,"failureDetails":[],"failureMessages":[],"fullName":"AuthPage Component Form Input and Validation should disable form while loading","invocations":1,"location":null,"numPassingAsserts":3,"retryReasons":[],"status":"passed","title":"should disable form while loading"},{"ancestorTitles":["AuthPage Component","Google Sign In"],"duration":29,"failureDetails":[],"failureMessages":[],"fullName":"AuthPage Component Google Sign In should call signIn with google provider","invocations":1,"location":null,"numPassingAsserts":1,"retryReasons":[],"status":"passed","title":"should call signIn with google provider"},{"ancestorTitles":["AuthPage Component","Google Sign In"],"duration":25,"failureDetails":[],"failureMessages":[],"fullName":"AuthPage Component Google Sign In should disable Google button while loading","invocations":1,"location":null,"numPassingAsserts":1,"retryReasons":[],"status":"passed","title":"should disable Google button while loading"},{"ancestorTitles":["AuthPage Component","Credentials Sign In"],"duration":255,"failureDetails":[],"failureMessages":[],"fullName":"AuthPage Component Credentials Sign In should submit login form with correct data","invocations":1,"location":null,"numPassingAsserts":1,"retryReasons":[],"status":"passed","title":"should submit login form with correct data"},{"ancestorTitles":["AuthPage Component","Credentials Sign In"],"duration":272,"failureDetails":[],"failureMessages":[],"fullName":"AuthPage Component Credentials Sign In should display error message when login fails","invocations":1,"location":null,"numPassingAsserts":1,"retryReasons":[],"status":"passed","title":"should display error message when login fails"},{"ancestorTitles":["AuthPage Component","Credentials Sign In"],"duration":236,"failureDetails":[],"failureMessages":[],"fullName":"AuthPage Component Credentials Sign In should handle unexpected errors","invocations":1,"location":null,"numPassingAsserts":1,"retryReasons":[],"status":"passed","title":"should handle unexpected errors"},{"ancestorTitles":["AuthPage Component","Credentials Sign Up"],"duration":257,"failureDetails":[],"failureMessages":[],"fullName":"AuthPage Component Credentials Sign Up should submit register form with correct data","invocations":1,"location":null,"numPassingAsserts":1,"retryReasons":[],"status":"passed","title":"should submit register form with correct data"},{"ancestorTitles":["AuthPage Component","Credentials Sign Up"],"duration":171,"failureDetails":[],"failureMessages":[],"fullName":"AuthPage Component Credentials Sign Up should display error when registration fails (user exists)","invocations":1,"location":null,"numPassingAsserts":1,"retryReasons":[],"status":"passed","title":"should display error when registration fails (user exists)"},{"ancestorTitles":["AuthPage Component","Error message styling"],"duration":211,"failureDetails":[],"failureMessages":[],"fullName":"AuthPage Component Error message styling should display error message in red","invocations":1,"location":null,"numPassingAsserts":1,"retryReasons":[],"status":"passed","title":"should display error message in red"}],"endTime":1771704258783,"message":"","name":"/home/sousa/projects/chesslab/__tests__/auth/page.test.tsx","startTime":1771704256578,"status":"passed","summary":""},{"assertionResults":[{"ancestorTitles":["TrainingClient Component","Empty State"],"duration":16,"failureDetails":[],"failureMessages":[],"fullName":"TrainingClient Component Empty State should show \"All caught up!\" when no cards to review","invocations":1,"location":null,"numPassingAsserts":1,"retryReasons":[],"status":"passed","title":"should show \"All caught up!\" when no cards to review"},{"ancestorTitles":["TrainingClient Component","Empty State"],"duration":7,"failureDetails":[],"failureMessages":[],"fullName":"TrainingClient Component Empty State should show back button in empty state","invocations":1,"location":null,"numPassingAsserts":1,"retryReasons":[],"status":"passed","title":"should show back button in empty state"},{"ancestorTitles":["TrainingClient Component","Review Mode (default)"],"duration":28,"failureDetails":[],"failureMessages":[],"fullName":"TrainingClient Component Review Mode (default) should display Training header in review mode","invocations":1,"location":null,"numPassingAsserts":1,"retryReasons":[],"status":"passed","title":"should display Training header in review mode"},{"ancestorTitles":["TrainingClient Component","Review Mode (default)"],"duration":13,"failureDetails":[],"failureMessages":[],"fullName":"TrainingClient Component Review Mode (default) should display progress counter","invocations":1,"location":null,"numPassingAsserts":1,"retryReasons":[],"status":"passed","title":"should display progress counter"},{"ancestorTitles":["TrainingClient Component","Review Mode (default)"],"duration":14,"failureDetails":[],"failureMessages":[],"fullName":"TrainingClient Component Review Mode (default) should show Show Answer button initially","invocations":1,"location":null,"numPassingAsserts":1,"retryReasons":[],"status":"passed","title":"should show Show Answer button initially"},{"ancestorTitles":["TrainingClient Component","Review Mode (default)"],"duration":36,"failureDetails":[],"failureMessages":[],"fullName":"TrainingClient Component Review Mode (default) should show feedback buttons after clicking Show Answer","invocations":1,"location":null,"numPassingAsserts":4,"retryReasons":[],"status":"passed","title":"should show feedback buttons after clicking Show Answer"},{"ancestorTitles":["TrainingClient Component","Review Mode (default)"],"duration":33,"failureDetails":[],"failureMessages":[],"fullName":"TrainingClient Component Review Mode (default) should call API when feedback is given in review mode","invocations":1,"location":null,"numPassingAsserts":1,"retryReasons":[],"status":"passed","title":"should call API when feedback is given in review mode"},{"ancestorTitles":["TrainingClient Component","Review Mode (default)"],"duration":14,"failureDetails":[],"failureMessages":[],"fullName":"TrainingClient Component Review Mode (default) should display streak counter","invocations":1,"location":null,"numPassingAsserts":2,"retryReasons":[],"status":"passed","title":"should display streak counter"},{"ancestorTitles":["TrainingClient Component","Practice Mode"],"duration":13,"failureDetails":[],"failureMessages":[],"fullName":"TrainingClient Component Practice Mode should display Practice header in practice mode","invocations":1,"location":null,"numPassingAsserts":1,"retryReasons":[],"status":"passed","title":"should display Practice header in practice mode"},{"ancestorTitles":["TrainingClient Component","Practice Mode"],"duration":529,"failureDetails":[],"failureMessages":[],"fullName":"TrainingClient Component Practice Mode should NOT call API when feedback is given in practice mode","invocations":1,"location":null,"numPassingAsserts":1,"retryReasons":[],"status":"passed","title":"should NOT call API when feedback is given in practice mode"},{"ancestorTitles":["TrainingClient Component","Practice Mode"],"duration":334,"failureDetails":[],"failureMessages":[],"fullName":"TrainingClient Component Practice Mode should still progress to next card in practice mode","invocations":1,"location":null,"numPassingAsserts":2,"retryReasons":[],"status":"passed","title":"should still progress to next card in practice mode"},{"ancestorTitles":["TrainingClient Component","Navigation"],"duration":29,"failureDetails":[],"failureMessages":[],"fullName":"TrainingClient Component Navigation should navigate back to home when back button is clicked","invocations":1,"location":null,"numPassingAsserts":2,"retryReasons":[],"status":"passed","title":"should navigate back to home when back button is clicked"},{"ancestorTitles":["TrainingClient Component","Session Completion"],"duration":332,"failureDetails":[],"failureMessages":[],"fullName":"TrainingClient Component Session Completion should show completion screen after all cards are reviewed","invocations":1,"location":null,"numPassingAsserts":1,"retryReasons":[],"status":"passed","title":"should show completion screen after all cards are reviewed"},{"ancestorTitles":["TrainingClient Component","Color Display"],"duration":16,"failureDetails":[],"failureMessages":[],"fullName":"TrainingClient Component Color Display should show repertoire color","invocations":1,"location":null,"numPassingAsserts":1,"retryReasons":[],"status":"passed","title":"should show repertoire color"},{"ancestorTitles":["TrainingClient Component","Color Display"],"duration":15,"failureDetails":[],"failureMessages":[],"fullName":"TrainingClient Component Color Display should show Both Colors when training multiple repertoires","invocations":1,"location":null,"numPassingAsserts":1,"retryReasons":[],"status":"passed","title":"should show Both Colors when training multiple repertoires"},{"ancestorTitles":["TrainingClient Component","Chessboard"],"duration":13,"failureDetails":[],"failureMessages":[],"fullName":"TrainingClient Component Chessboard should render chessboard component","invocations":1,"location":null,"numPassingAsserts":1,"retryReasons":[],"status":"passed","title":"should render chessboard component"},{"ancestorTitles":["TrainingClient Component","Chessboard"],"duration":13,"failureDetails":[],"failureMessages":[],"fullName":"TrainingClient Component Chessboard should display the correct position","invocations":1,"location":null,"numPassingAsserts":1,"retryReasons":[],"status":"passed","title":"should display the correct position"}],"endTime":1771704260344,"message":"","name":"/home/sousa/projects/chesslab/__tests__/components/TrainingClient.test.tsx","startTime":1771704258793,"status":"passed","summary":""},{"assertionResults":[{"ancestorTitles":["HomePanel Component"],"duration":42,"failureDetails":[],"failureMessages":[],"fullName":"HomePanel Component should render the dashboard header","invocations":1,"location":null,"numPassingAsserts":1,"retryReasons":[],"status":"passed","title":"should render the dashboard header"},{"ancestorTitles":["HomePanel Component"],"duration":21,"failureDetails":[],"failureMessages":[],"fullName":"HomePanel Component should render both repertoire buttons","invocations":1,"location":null,"numPassingAsserts":2,"retryReasons":[],"status":"passed","title":"should render both repertoire buttons"},{"ancestorTitles":["HomePanel Component"],"duration":28,"failureDetails":[],"failureMessages":[],"fullName":"HomePanel Component should call onSelectRepertoire with 'white' when white repertoire is clicked","invocations":1,"location":null,"numPassingAsserts":1,"retryReasons":[],"status":"passed","title":"should call onSelectRepertoire with 'white' when white repertoire is clicked"},{"ancestorTitles":["HomePanel Component"],"duration":21,"failureDetails":[],"failureMessages":[],"fullName":"HomePanel Component should call onSelectRepertoire with 'black' when black repertoire is clicked","invocations":1,"location":null,"numPassingAsserts":1,"retryReasons":[],"status":"passed","title":"should call onSelectRepertoire with 'black' when black repertoire is clicked"},{"ancestorTitles":["HomePanel Component"],"duration":27,"failureDetails":[],"failureMessages":[],"fullName":"HomePanel Component should fetch training stats on mount","invocations":1,"location":null,"numPassingAsserts":1,"retryReasons":[],"status":"passed","title":"should fetch training stats on mount"},{"ancestorTitles":["HomePanel Component"],"duration":35,"failureDetails":[],"failureMessages":[],"fullName":"HomePanel Component should display training stats when available","invocations":1,"location":null,"numPassingAsserts":1,"retryReasons":[],"status":"passed","title":"should display training stats when available"},{"ancestorTitles":["HomePanel Component"],"duration":39,"failureDetails":[],"failureMessages":[],"fullName":"HomePanel Component should display repertoire information","invocations":1,"location":null,"numPassingAsserts":2,"retryReasons":[],"status":"passed","title":"should display repertoire information"},{"ancestorTitles":["HomePanel Component"],"duration":30,"failureDetails":[],"failureMessages":[],"fullName":"HomePanel Component should show 0% when repertoire has no positions","invocations":1,"location":null,"numPassingAsserts":1,"retryReasons":[],"status":"passed","title":"should show 0% when repertoire has no positions"},{"ancestorTitles":["HomePanel Component"],"duration":154,"failureDetails":[],"failureMessages":[],"fullName":"HomePanel Component should call onStartPractice when practice button is clicked","invocations":1,"location":null,"numPassingAsserts":2,"retryReasons":[],"status":"passed","title":"should call onStartPractice when practice button is clicked"},{"ancestorTitles":["HomePanel Component"],"duration":20,"failureDetails":[],"failureMessages":[],"fullName":"HomePanel Component should show practice button","invocations":1,"location":null,"numPassingAsserts":2,"retryReasons":[],"status":"passed","title":"should show practice button"},{"ancestorTitles":["HomePanel Component"],"duration":16,"failureDetails":[],"failureMessages":[],"fullName":"HomePanel Component should show stats cards","invocations":1,"location":null,"numPassingAsserts":2,"retryReasons":[],"status":"passed","title":"should show stats cards"},{"ancestorTitles":["HomePanel Component"],"duration":47,"failureDetails":[],"failureMessages":[],"fullName":"HomePanel Component should render repertoire cards","invocations":1,"location":null,"numPassingAsserts":2,"retryReasons":[],"status":"passed","title":"should render repertoire cards"},{"ancestorTitles":["HomePanel Component"],"duration":18,"failureDetails":[],"failureMessages":[],"fullName":"HomePanel Component should handle fetch error gracefully","invocations":1,"location":null,"numPassingAsserts":1,"retryReasons":[],"status":"passed","title":"should handle fetch error gracefully"},{"ancestorTitles":["HomePanel Component"],"duration":21,"failureDetails":[],"failureMessages":[],"fullName":"HomePanel Component should open settings modal when settings button is clicked","invocations":1,"location":null,"numPassingAsserts":0,"retryReasons":[],"status":"passed","title":"should open settings modal when settings button is clicked"}],"endTime":1771704261052,"message":"","name":"/home/sousa/projects/chesslab/__tests__/components/HomePanel.test.tsx","startTime":1771704260401,"status":"passed","summary":""},{"assertionResults":[{"ancestorTitles":["Settings Modal"],"duration":75,"failureDetails":[],"failureMessages":[],"fullName":"Settings Modal should render settings modal when open","invocations":1,"location":null,"numPassingAsserts":1,"retryReasons":[],"status":"passed","title":"should render settings modal when open"},{"ancestorTitles":["Settings Modal"],"duration":19,"failureDetails":[],"failureMessages":[],"fullName":"Settings Modal should not render settings modal when closed","invocations":1,"location":null,"numPassingAsserts":1,"retryReasons":[],"status":"passed","title":"should not render settings modal when closed"},{"ancestorTitles":["Settings Modal"],"duration":49,"failureDetails":[],"failureMessages":[],"fullName":"Settings Modal should display account section with user email","invocations":1,"location":null,"numPassingAsserts":2,"retryReasons":[],"status":"passed","title":"should display account section with user email"},{"ancestorTitles":["Settings Modal"],"duration":50,"failureDetails":[],"failureMessages":[],"fullName":"Settings Modal should display appearance section","invocations":1,"location":null,"numPassingAsserts":1,"retryReasons":[],"status":"passed","title":"should display appearance section"},{"ancestorTitles":["Settings Modal"],"duration":39,"failureDetails":[],"failureMessages":[],"fullName":"Settings Modal should display training section","invocations":1,"location":null,"numPassingAsserts":1,"retryReasons":[],"status":"passed","title":"should display training section"},{"ancestorTitles":["Settings Modal"],"duration":106,"failureDetails":[],"failureMessages":[],"fullName":"Settings Modal should display danger zone section","invocations":1,"location":null,"numPassingAsserts":1,"retryReasons":[],"status":"passed","title":"should display danger zone section"}],"endTime":1771704261590,"message":"","name":"/home/sousa/projects/chesslab/__tests__/app/settings.test.tsx","startTime":1771704261137,"status":"passed","summary":""},{"assertionResults":[{"ancestorTitles":["Home Page"],"duration":7,"failureDetails":[],"failureMessages":[],"fullName":"Home Page should show loading state when session is loading","invocations":1,"location":null,"numPassingAsserts":1,"retryReasons":[],"status":"passed","title":"should show loading state when session is loading"},{"ancestorTitles":["Home Page"],"duration":2,"failureDetails":[],"failureMessages":[],"fullName":"Home Page should redirect to landing page when unauthenticated","invocations":1,"location":null,"numPassingAsserts":1,"retryReasons":[],"status":"passed","title":"should redirect to landing page when unauthenticated"},{"ancestorTitles":["Home Page"],"duration":9,"failureDetails":[],"failureMessages":[],"fullName":"Home Page should render home page when user is authenticated","invocations":1,"location":null,"numPassingAsserts":1,"retryReasons":[],"status":"passed","title":"should render home page when user is authenticated"},{"ancestorTitles":["Home Page"],"duration":8,"failureDetails":[],"failureMessages":[],"fullName":"Home Page should render dashboard with repertoire panels when authenticated","invocations":1,"location":null,"numPassingAsserts":3,"retryReasons":[],"status":"passed","title":"should render dashboard with repertoire panels when authenticated"},{"ancestorTitles":["Home Page"],"duration":22,"failureDetails":[],"failureMessages":[],"fullName":"Home Page should display daily tasks section","invocations":1,"location":null,"numPassingAsserts":2,"retryReasons":[],"status":"passed","title":"should display daily tasks section"},{"ancestorTitles":["Home Page"],"duration":15,"failureDetails":[],"failureMessages":[],"fullName":"Home Page should display progress statistics","invocations":1,"location":null,"numPassingAsserts":3,"retryReasons":[],"status":"passed","title":"should display progress statistics"},{"ancestorTitles":["Home Page"],"duration":9,"failureDetails":[],"failureMessages":[],"fullName":"Home Page should render board and controls when authenticated","invocations":1,"location":null,"numPassingAsserts":6,"retryReasons":[],"status":"passed","title":"should render board and controls when authenticated"},{"ancestorTitles":["Home Page"],"duration":6,"failureDetails":[],"failureMessages":[],"fullName":"Home Page should have rotate board button","invocations":1,"location":null,"numPassingAsserts":1,"retryReasons":[],"status":"passed","title":"should have rotate board button"},{"ancestorTitles":["Home Page"],"duration":8,"failureDetails":[],"failureMessages":[],"fullName":"Home Page should navigate to build white page when a move is made with white","invocations":1,"location":null,"numPassingAsserts":1,"retryReasons":[],"status":"passed","title":"should navigate to build white page when a move is made with white"},{"ancestorTitles":["Home Page"],"duration":11,"failureDetails":[],"failureMessages":[],"fullName":"Home Page should navigate to build black page when a move is made with black","invocations":1,"location":null,"numPassingAsserts":1,"retryReasons":[],"status":"passed","title":"should navigate to build black page when a move is made with black"},{"ancestorTitles":["Home Page"],"duration":6,"failureDetails":[],"failureMessages":[],"fullName":"Home Page should reset board when home page mounts","invocations":1,"location":null,"numPassingAsserts":1,"retryReasons":[],"status":"passed","title":"should reset board when home page mounts"}],"endTime":1771704261868,"message":"","name":"/home/sousa/projects/chesslab/__tests__/app/home.test.tsx","startTime":1771704261634,"status":"passed","summary":""},{"assertionResults":[{"ancestorTitles":["BuildPanel Component"],"duration":17,"failureDetails":[],"failureMessages":[],"fullName":"BuildPanel Component should render the build panel","invocations":1,"location":null,"numPassingAsserts":1,"retryReasons":[],"status":"passed","title":"should render the build panel"},{"ancestorTitles":["BuildPanel Component"],"duration":22,"failureDetails":[],"failureMessages":[],"fullName":"BuildPanel Component should display repertoire color","invocations":1,"location":null,"numPassingAsserts":1,"retryReasons":[],"status":"passed","title":"should display repertoire color"},{"ancestorTitles":["BuildPanel Component"],"duration":12,"failureDetails":[],"failureMessages":[],"fullName":"BuildPanel Component should display all moves","invocations":1,"location":null,"numPassingAsserts":3,"retryReasons":[],"status":"passed","title":"should display all moves"},{"ancestorTitles":["BuildPanel Component"],"duration":9,"failureDetails":[],"failureMessages":[],"fullName":"BuildPanel Component should call onBack when back button is clicked","invocations":1,"location":null,"numPassingAsserts":1,"retryReasons":[],"status":"passed","title":"should call onBack when back button is clicked"},{"ancestorTitles":["BuildPanel Component"],"duration":11,"failureDetails":[],"failureMessages":[],"fullName":"BuildPanel Component should display opening name when provided","invocations":1,"location":null,"numPassingAsserts":1,"retryReasons":[],"status":"passed","title":"should display opening name when provided"},{"ancestorTitles":["BuildPanel Component"],"duration":11,"failureDetails":[],"failureMessages":[],"fullName":"BuildPanel Component should display line name when provided","invocations":1,"location":null,"numPassingAsserts":1,"retryReasons":[],"status":"passed","title":"should display line name when provided"},{"ancestorTitles":["BuildPanel Component"],"duration":17,"failureDetails":[],"failureMessages":[],"fullName":"BuildPanel Component should show add move prompt when at end of moves","invocations":1,"location":null,"numPassingAsserts":1,"retryReasons":[],"status":"passed","title":"should show add move prompt when at end of moves"},{"ancestorTitles":["BuildPanel Component"],"duration":27,"failureDetails":[],"failureMessages":[],"fullName":"BuildPanel Component should call onAddMove when save line button is clicked","invocations":1,"location":null,"numPassingAsserts":1,"retryReasons":[],"status":"passed","title":"should call onAddMove when save line button is clicked"},{"ancestorTitles":["BuildPanel Component"],"duration":22,"failureDetails":[],"failureMessages":[],"fullName":"BuildPanel Component should display delete button for previous moves","invocations":1,"location":null,"numPassingAsserts":1,"retryReasons":[],"status":"passed","title":"should display delete button for previous moves"},{"ancestorTitles":["BuildPanel Component"],"duration":10,"failureDetails":[],"failureMessages":[],"fullName":"BuildPanel Component should display black repertoire correctly","invocations":1,"location":null,"numPassingAsserts":1,"retryReasons":[],"status":"passed","title":"should display black repertoire correctly"}],"endTime":1771704262126,"message":"","name":"/home/sousa/projects/chesslab/__tests__/components/BuildPanel.test.tsx","startTime":1771704261877,"status":"passed","summary":""},{"assertionResults":[{"ancestorTitles":["Toast Component"],"duration":7,"failureDetails":[],"failureMessages":[],"fullName":"Toast Component should render children without toasts initially","invocations":1,"location":null,"numPassingAsserts":2,"retryReasons":[],"status":"passed","title":"should render children without toasts initially"},{"ancestorTitles":["Toast Component"],"duration":9,"failureDetails":[],"failureMessages":[],"fullName":"Toast Component should show a success toast when triggered","invocations":1,"location":null,"numPassingAsserts":1,"retryReasons":[],"status":"passed","title":"should show a success toast when triggered"},{"ancestorTitles":["Toast Component"],"duration":6,"failureDetails":[],"failureMessages":[],"fullName":"Toast Component should show an error toast when triggered","invocations":1,"location":null,"numPassingAsserts":1,"retryReasons":[],"status":"passed","title":"should show an error toast when triggered"},{"ancestorTitles":["Toast Component"],"duration":6,"failureDetails":[],"failureMessages":[],"fullName":"Toast Component should show a warning toast when triggered","invocations":1,"location":null,"numPassingAsserts":1,"retryReasons":[],"status":"passed","title":"should show a warning toast when triggered"},{"ancestorTitles":["Toast Component"],"duration":6,"failureDetails":[],"failureMessages":[],"fullName":"Toast Component should auto-dismiss toast after 4 seconds","invocations":1,"location":null,"numPassingAsserts":2,"retryReasons":[],"status":"passed","title":"should auto-dismiss toast after 4 seconds"},{"ancestorTitles":["Toast Component"],"duration":6,"failureDetails":[],"failureMessages":[],"fullName":"Toast Component should dismiss toast when close button is clicked","invocations":1,"location":null,"numPassingAsserts":2,"retryReasons":[],"status":"passed","title":"should dismiss toast when close button is clicked"},{"ancestorTitles":["Toast Component"],"duration":11,"failureDetails":[],"failureMessages":[],"fullName":"Toast Component should display multiple toasts at once","invocations":1,"location":null,"numPassingAsserts":3,"retryReasons":[],"status":"passed","title":"should display multiple toasts at once"},{"ancestorTitles":["Toast Component"],"duration":25,"failureDetails":[],"failureMessages":[],"fullName":"Toast Component should throw error when useToast is used outside ToastProvider","invocations":1,"location":null,"numPassingAsserts":1,"retryReasons":[],"status":"passed","title":"should throw error when useToast is used outside ToastProvider"},{"ancestorTitles":["Toast Component"],"duration":7,"failureDetails":[],"failureMessages":[],"fullName":"Toast Component should render toast in bottom-right corner","invocations":1,"location":null,"numPassingAsserts":2,"retryReasons":[],"status":"passed","title":"should render toast in bottom-right corner"}],"endTime":1771704262307,"message":"","name":"/home/sousa/projects/chesslab/__tests__/components/Toast.test.tsx","startTime":1771704262134,"status":"passed","summary":""},{"assertionResults":[{"ancestorTitles":["BoardControls Component"],"duration":11,"failureDetails":[],"failureMessages":[],"fullName":"BoardControls Component should render all control buttons","invocations":1,"location":null,"numPassingAsserts":5,"retryReasons":[],"status":"passed","title":"should render all control buttons"},{"ancestorTitles":["BoardControls Component"],"duration":6,"failureDetails":[],"failureMessages":[],"fullName":"BoardControls Component should call onFirstMove when first move button is clicked","invocations":1,"location":null,"numPassingAsserts":1,"retryReasons":[],"status":"passed","title":"should call onFirstMove when first move button is clicked"},{"ancestorTitles":["BoardControls Component"],"duration":6,"failureDetails":[],"failureMessages":[],"fullName":"BoardControls Component should call onPreviousMove when previous move button is clicked","invocations":1,"location":null,"numPassingAsserts":1,"retryReasons":[],"status":"passed","title":"should call onPreviousMove when previous move button is clicked"},{"ancestorTitles":["BoardControls Component"],"duration":4,"failureDetails":[],"failureMessages":[],"fullName":"BoardControls Component should call onNextMove when next move button is clicked","invocations":1,"location":null,"numPassingAsserts":1,"retryReasons":[],"status":"passed","title":"should call onNextMove when next move button is clicked"},{"ancestorTitles":["BoardControls Component"],"duration":5,"failureDetails":[],"failureMessages":[],"fullName":"BoardControls Component should call onLastMove when last move button is clicked","invocations":1,"location":null,"numPassingAsserts":1,"retryReasons":[],"status":"passed","title":"should call onLastMove when last move button is clicked"},{"ancestorTitles":["BoardControls Component"],"duration":5,"failureDetails":[],"failureMessages":[],"fullName":"BoardControls Component should call onReset when reset button is clicked","invocations":1,"location":null,"numPassingAsserts":1,"retryReasons":[],"status":"passed","title":"should call onReset when reset button is clicked"},{"ancestorTitles":["BoardControls Component"],"duration":6,"failureDetails":[],"failureMessages":[],"fullName":"BoardControls Component should disable all buttons when isDisabled is true","invocations":1,"location":null,"numPassingAsserts":5,"retryReasons":[],"status":"passed","title":"should disable all buttons when isDisabled is true"},{"ancestorTitles":["BoardControls Component"],"duration":14,"failureDetails":[],"failureMessages":[],"fullName":"BoardControls Component should enable all buttons when isDisabled is false","invocations":1,"location":null,"numPassingAsserts":5,"retryReasons":[],"status":"passed","title":"should enable all buttons when isDisabled is false"},{"ancestorTitles":["BoardControls Component"],"duration":7,"failureDetails":[],"failureMessages":[],"fullName":"BoardControls Component should not call handlers when buttons are disabled","invocations":1,"location":null,"numPassingAsserts":1,"retryReasons":[],"status":"passed","title":"should not call handlers when buttons are disabled"},{"ancestorTitles":["BoardControls Component"],"duration":6,"failureDetails":[],"failureMessages":[],"fullName":"BoardControls Component should render with proper styling","invocations":1,"location":null,"numPassingAsserts":1,"retryReasons":[],"status":"passed","title":"should render with proper styling"}],"endTime":1771704262480,"message":"","name":"/home/sousa/projects/chesslab/__tests__/components/BoardControls.test.tsx","startTime":1771704262321,"status":"passed","summary":""},{"assertionResults":[{"ancestorTitles":["Build Page"],"duration":13,"failureDetails":[],"failureMessages":[],"fullName":"Build Page should render build page for white","invocations":1,"location":null,"numPassingAsserts":2,"retryReasons":[],"status":"passed","title":"should render build page for white"},{"ancestorTitles":["Build Page"],"duration":5,"failureDetails":[],"failureMessages":[],"fullName":"Build Page should render build page for black","invocations":1,"location":null,"numPassingAsserts":2,"retryReasons":[],"status":"passed","title":"should render build page for black"},{"ancestorTitles":["Build Page"],"duration":11,"failureDetails":[],"failureMessages":[],"fullName":"Build Page should display position indicator after first move","invocations":1,"location":null,"numPassingAsserts":2,"retryReasons":[],"status":"passed","title":"should display position indicator after first move"}],"endTime":1771704262618,"message":"","name":"/home/sousa/projects/chesslab/__tests__/app/build.test.tsx","startTime":1771704262494,"status":"passed","summary":""},{"assertionResults":[{"ancestorTitles":["Switch Component"],"duration":7,"failureDetails":[],"failureMessages":[],"fullName":"Switch Component should render switch element","invocations":1,"location":null,"numPassingAsserts":1,"retryReasons":[],"status":"passed","title":"should render switch element"},{"ancestorTitles":["Switch Component"],"duration":5,"failureDetails":[],"failureMessages":[],"fullName":"Switch Component should be unchecked by default","invocations":1,"location":null,"numPassingAsserts":1,"retryReasons":[],"status":"passed","title":"should be unchecked by default"},{"ancestorTitles":["Switch Component"],"duration":3,"failureDetails":[],"failureMessages":[],"fullName":"Switch Component should be checked when defaultChecked is true","invocations":1,"location":null,"numPassingAsserts":1,"retryReasons":[],"status":"passed","title":"should be checked when defaultChecked is true"},{"ancestorTitles":["Switch Component"],"duration":6,"failureDetails":[],"failureMessages":[],"fullName":"Switch Component should toggle state when clicked","invocations":1,"location":null,"numPassingAsserts":3,"retryReasons":[],"status":"passed","title":"should toggle state when clicked"},{"ancestorTitles":["Switch Component"],"duration":14,"failureDetails":[],"failureMessages":[],"fullName":"Switch Component should be disabled when disabled prop is true","invocations":1,"location":null,"numPassingAsserts":1,"retryReasons":[],"status":"passed","title":"should be disabled when disabled prop is true"},{"ancestorTitles":["Switch Component"],"duration":6,"failureDetails":[],"failureMessages":[],"fullName":"Switch Component should handle onChange callback","invocations":1,"location":null,"numPassingAsserts":1,"retryReasons":[],"status":"passed","title":"should handle onChange callback"},{"ancestorTitles":["Switch Component"],"duration":3,"failureDetails":[],"failureMessages":[],"fullName":"Switch Component should have proper CSS classes","invocations":1,"location":null,"numPassingAsserts":1,"retryReasons":[],"status":"passed","title":"should have proper CSS classes"},{"ancestorTitles":["Switch Component"],"duration":4,"failureDetails":[],"failureMessages":[],"fullName":"Switch Component should have thumb element","invocations":1,"location":null,"numPassingAsserts":1,"retryReasons":[],"status":"passed","title":"should have thumb element"}],"endTime":1771704262744,"message":"","name":"/home/sousa/projects/chesslab/__tests__/components/Switch.test.tsx","startTime":1771704262627,"status":"passed","summary":""},{"assertionResults":[{"ancestorTitles":["Board Component"],"duration":8,"failureDetails":[],"failureMessages":[],"fullName":"Board Component should render the chessboard","invocations":1,"location":null,"numPassingAsserts":1,"retryReasons":[],"status":"passed","title":"should render the chessboard"},{"ancestorTitles":["Board Component"],"duration":2,"failureDetails":[],"failureMessages":[],"fullName":"Board Component should render with default white orientation","invocations":1,"location":null,"numPassingAsserts":1,"retryReasons":[],"status":"passed","title":"should render with default white orientation"},{"ancestorTitles":["Board Component"],"duration":4,"failureDetails":[],"failureMessages":[],"fullName":"Board Component should render with black orientation when playerColor is black","invocations":1,"location":null,"numPassingAsserts":1,"retryReasons":[],"status":"passed","title":"should render with black orientation when playerColor is black"},{"ancestorTitles":["Board Component"],"duration":3,"failureDetails":[],"failureMessages":[],"fullName":"Board Component should render starting position FEN","invocations":1,"location":null,"numPassingAsserts":1,"retryReasons":[],"status":"passed","title":"should render starting position FEN"},{"ancestorTitles":["Board Component"],"duration":2,"failureDetails":[],"failureMessages":[],"fullName":"Board Component should have proper styling classes","invocations":1,"location":null,"numPassingAsserts":1,"retryReasons":[],"status":"passed","title":"should have proper styling classes"},{"ancestorTitles":["Board Component"],"duration":4,"failureDetails":[],"failureMessages":[],"fullName":"Board Component should allow dragging at initial position","invocations":1,"location":null,"numPassingAsserts":1,"retryReasons":[],"status":"passed","title":"should allow dragging at initial position"},{"ancestorTitles":["Board Component"],"duration":13,"failureDetails":[],"failureMessages":[],"fullName":"Board Component should support move history navigation via ref","invocations":1,"location":null,"numPassingAsserts":6,"retryReasons":[],"status":"passed","title":"should support move history navigation via ref"},{"ancestorTitles":["Board Component"],"duration":3,"failureDetails":[],"failureMessages":[],"fullName":"Board Component should disable dragging when viewing history","invocations":1,"location":null,"numPassingAsserts":1,"retryReasons":[],"status":"passed","title":"should disable dragging when viewing history"},{"ancestorTitles":["Board Component"],"duration":2,"failureDetails":[],"failureMessages":[],"fullName":"Board Component should show history indicator when viewing past moves","invocations":1,"location":null,"numPassingAsserts":1,"retryReasons":[],"status":"passed","title":"should show history indicator when viewing past moves"},{"ancestorTitles":["Board Component"],"duration":3,"failureDetails":[],"failureMessages":[],"fullName":"Board Component should call onMoveHistoryChange callback when provided","invocations":1,"location":null,"numPassingAsserts":1,"retryReasons":[],"status":"passed","title":"should call onMoveHistoryChange callback when provided"}],"endTime":1771704262869,"message":"","name":"/home/sousa/projects/chesslab/__tests__/components/Board.test.tsx","startTime":1771704262753,"status":"passed","summary":""}],"wasInterrupted":false}
